[Sun, 14 Jul 2024 00:56:09 +0000] [/gala_corp/wordpress/wp-content/cache/minify/a4ec2.css] [http://localhost/gala_corp/wordpress/blog/] gala_corp\wordpress\/wp-content/plugins/contact-form-7/includes/css/styles.css
gala_corp\wordpress\/wp-content/themes/astra/assets/css/minified/compatibility/contact-form-7-main.min.css
gala_corp\wordpress\/wp-content/plugins/sp-news-and-widget/assets/css/wpnw-public.css
gala_corp\wordpress\/wp-content/themes/astra/assets/css/minified/compatibility/woocommerce/woocommerce-layout-grid.min.css
gala_corp\wordpress\/wp-content/themes/astra/assets/css/minified/compatibility/woocommerce/woocommerce-smallscreen-grid.min.css
gala_corp\wordpress\/wp-content/themes/astra/assets/css/minified/compatibility/woocommerce/woocommerce-grid.min.css
[Sun, 14 Jul 2024 00:56:09 +0000] [/gala_corp/wordpress/wp-content/cache/minify/5efac.css] [http://localhost/gala_corp/wordpress/blog/] gala_corp\wordpress\/wp-content/plugins/elementor/assets/css/frontend-lite.min.css
gala_corp\wordpress\/wp-content/plugins/elementor/assets/lib/swiper/v8/css/swiper.min.css
gala_corp\wordpress\/wp-content/uploads/elementor/css/post-23.css
gala_corp\wordpress\/wp-content/uploads/elementor/css/global.css
[Sun, 14 Jul 2024 00:56:09 +0000] [/gala_corp/wordpress/wp-content/cache/minify/868dc.css] [http://localhost/gala_corp/wordpress/blog/] gala_corp\wordpress\/wp-content/plugins/woocommerce/assets/client/blocks/wc-blocks.css
[Sun, 14 Jul 2024 00:56:09 +0000] [/gala_corp/wordpress/wp-content/cache/minify/8f901.css] [http://localhost/gala_corp/wordpress/blog/] gala_corp\wordpress\/wp-content/themes/astra/assets/css/minified/main.min.css
[Sun, 14 Jul 2024 00:56:09 +0000] [/gala_corp/wordpress/wp-content/cache/minify/480df.js] [http://localhost/gala_corp/wordpress/blog/] gala_corp\wordpress\/wp-includes/js/jquery/jquery.min.js
gala_corp\wordpress\/wp-includes/js/jquery/jquery-migrate.min.js
[Sun, 14 Jul 2024 00:56:10 +0000] [/gala_corp/wordpress/wp-content/cache/minify/0439d.js] [http://localhost/gala_corp/wordpress/blog/] gala_corp\wordpress\/wp-content/themes/astra/assets/js/minified/frontend.min.js
[Sun, 14 Jul 2024 00:56:14 +0000] [/gala_corp/wordpress/wp-content/cache/minify/0a68f.js] [http://localhost/gala_corp/wordpress/blog/] gala_corp\wordpress\/wp-content/themes/astra/assets/js/minified/mobile-cart.min.js
gala_corp\wordpress\/wp-content/plugins/contact-form-7/includes/swv/js/index.js
[Sun, 14 Jul 2024 00:56:14 +0000] [/gala_corp/wordpress/wp-content/cache/minify/32f1d.js] [http://localhost/gala_corp/wordpress/blog/] gala_corp\wordpress\/wp-content/plugins/elementor/assets/js/webpack.runtime.min.js
gala_corp\wordpress\/wp-content/plugins/elementor/assets/js/frontend-modules.min.js
gala_corp\wordpress\/wp-content/plugins/elementor/assets/lib/waypoints/waypoints.min.js
gala_corp\wordpress\/wp-includes/js/jquery/ui/core.min.js
[Sun, 14 Jul 2024 00:56:14 +0000] [/gala_corp/wordpress/wp-content/cache/minify/8d593.js] [http://localhost/gala_corp/wordpress/blog/] gala_corp\wordpress\/wp-content/plugins/elementor/assets/js/frontend.min.js
[Sun, 14 Jul 2024 00:56:14 +0000] [/gala_corp/wordpress/wp-content/cache/minify/10801.js] [http://localhost/gala_corp/wordpress/blog/] gala_corp\wordpress\/wp-content/plugins/contact-form-7/includes/js/index.js
gala_corp\wordpress\/wp-content/plugins/woocommerce/assets/js/sourcebuster/sourcebuster.min.js
[Sun, 14 Jul 2024 00:56:14 +0000] [/gala_corp/wordpress/wp-content/cache/minify/2da4a.js] [http://localhost/gala_corp/wordpress/blog/] gala_corp\wordpress\/wp-content/plugins/woocommerce/assets/js/jquery-blockui/jquery.blockUI.min.js
gala_corp\wordpress\/wp-content/plugins/woocommerce/assets/js/frontend/add-to-cart.min.js
gala_corp\wordpress\/wp-content/plugins/woocommerce/assets/js/js-cookie/js.cookie.min.js
gala_corp\wordpress\/wp-content/plugins/woocommerce/assets/js/frontend/woocommerce.min.js
gala_corp\wordpress\/wp-content/plugins/woocommerce/assets/js/frontend/cart-fragments.min.js
[Sun, 14 Jul 2024 00:56:14 +0000] [/gala_corp/wordpress/wp-content/cache/minify/38f70.js] [http://localhost/gala_corp/wordpress/blog/] gala_corp\wordpress\/wp-content/plugins/woocommerce/assets/js/frontend/order-attribution.min.js
gala_corp\wordpress\/wp-content/plugins/wp-smushit/app/assets/js/smush-lazy-load.min.js
[Sun, 14 Jul 2024 00:56:29 +0000] [/gala_corp/wordpress/wp-content/cache/minify/78464.js] [http://localhost/gala_corp/wordpress/] gala_corp\wordpress\/wp-includes/js/imagesloaded.min.js
gala_corp\wordpress\/wp-includes/js/underscore.min.js
gala_corp\wordpress\/wp-includes/js/dist/vendor/wp-polyfill-inert.min.js
gala_corp\wordpress\/wp-includes/js/dist/vendor/regenerator-runtime.min.js
gala_corp\wordpress\/wp-includes/js/dist/vendor/wp-polyfill.min.js
gala_corp\wordpress\/wp-includes/js/dist/hooks.min.js
gala_corp\wordpress\/wp-includes/js/dist/i18n.min.js
[Sun, 14 Jul 2024 00:56:29 +0000] [/gala_corp/wordpress/wp-content/cache/minify/72cdd.css] [http://localhost/gala_corp/wordpress/] gala_corp\wordpress\/wp-content/plugins/elementor/assets/css/frontend-lite.min.css
gala_corp\wordpress\/wp-content/plugins/elementor/assets/lib/swiper/v8/css/swiper.min.css
gala_corp\wordpress\/wp-content/uploads/elementor/css/post-23.css
gala_corp\wordpress\/wp-content/uploads/elementor/css/global.css
gala_corp\wordpress\/wp-content/uploads/elementor/css/post-7.css
[Sun, 14 Jul 2024 00:56:29 +0000] [/gala_corp/wordpress/wp-content/cache/minify/713ef.css] [http://localhost/gala_corp/wordpress/] gala_corp\wordpress\/wp-content/plugins/woocommerce/assets/client/blocks/wc-blocks.css
gala_corp\wordpress\/wp-content/plugins/elementor/assets/lib/animations/animations.min.css
gala_corp\wordpress\/wp-content/plugins/strong-testimonials/templates/default/content.css
[Sun, 14 Jul 2024 00:56:33 +0000] [/gala_corp/wordpress/wp-content/cache/minify/15bbe.js] [http://localhost/gala_corp/wordpress/] gala_corp\wordpress\/wp-content/plugins/strong-testimonials/public/js/controller.min.js
gala_corp\wordpress\/wp-content/plugins/elementor/assets/js/webpack.runtime.min.js
gala_corp\wordpress\/wp-content/plugins/elementor/assets/js/frontend-modules.min.js
gala_corp\wordpress\/wp-content/plugins/elementor/assets/lib/waypoints/waypoints.min.js
gala_corp\wordpress\/wp-includes/js/jquery/ui/core.min.js
[Sun, 14 Jul 2024 00:56:33 +0000] [/gala_corp/wordpress/wp-content/cache/minify/d865f.js] [http://localhost/gala_corp/wordpress/] gala_corp\wordpress\/wp-content/plugins/woocommerce/assets/js/jquery-blockui/jquery.blockUI.min.js
gala_corp\wordpress\/wp-content/plugins/woocommerce/assets/js/frontend/add-to-cart.min.js
gala_corp\wordpress\/wp-content/plugins/woocommerce/assets/js/js-cookie/js.cookie.min.js
gala_corp\wordpress\/wp-content/plugins/woocommerce/assets/js/frontend/woocommerce.min.js
gala_corp\wordpress\/wp-content/plugins/woocommerce/assets/js/frontend/cart-fragments.min.js
gala_corp\wordpress\/wp-content/plugins/strong-testimonials/public/js/lib/actual/jquery-actual.min.js
gala_corp\wordpress\/wp-content/plugins/strong-testimonials/public/js/lib/verge/verge.min.js
gala_corp\wordpress\/wp-content/plugins/strong-testimonials/public/js/lib/strongslider/jquery-strongslider.min.js
[Sun, 14 Jul 2024 00:56:40 +0000] [/gala_corp/wordpress/wp-content/cache/minify/858e7.css] [http://localhost/gala_corp/wordpress/tienda/] gala_corp\wordpress\/wp-includes/css/dist/block-library/style.min.css
[Sun, 14 Jul 2024 00:56:40 +0000] [/gala_corp/wordpress/wp-content/cache/minify/de792.js] [http://localhost/gala_corp/wordpress/tienda/] gala_corp\wordpress\/wp-content/themes/astra/assets/js/minified/mobile-cart.min.js
[Sun, 14 Jul 2024 00:56:40 +0000] [/gala_corp/wordpress/wp-content/cache/minify/01853.js] [http://localhost/gala_corp/wordpress/tienda/] gala_corp\wordpress\/wp-content/plugins/contact-form-7/includes/swv/js/index.js
[Sun, 14 Jul 2024 00:57:17 +0000] [/gala_corp/wordpress/wp-content/cache/minify/3b1ac.css] [http://localhost/gala_corp/wordpress/sobre-nosotros/] gala_corp\wordpress\/wp-content/plugins/elementor/assets/css/frontend-lite.min.css
gala_corp\wordpress\/wp-content/plugins/elementor/assets/lib/swiper/v8/css/swiper.min.css
gala_corp\wordpress\/wp-content/uploads/elementor/css/post-23.css
gala_corp\wordpress\/wp-content/uploads/elementor/css/global.css
gala_corp\wordpress\/wp-content/uploads/elementor/css/post-31.css
[Sun, 14 Jul 2024 00:57:29 +0000] [/gala_corp/wordpress/wp-content/cache/minify/f4a80.css] [http://localhost/gala_corp/wordpress/servicios/] gala_corp\wordpress\/wp-content/plugins/elementor/assets/css/frontend-lite.min.css
gala_corp\wordpress\/wp-content/plugins/elementor/assets/lib/swiper/v8/css/swiper.min.css
gala_corp\wordpress\/wp-content/uploads/elementor/css/post-23.css
gala_corp\wordpress\/wp-content/uploads/elementor/css/global.css
gala_corp\wordpress\/wp-content/uploads/elementor/css/post-33.css
[Sun, 14 Jul 2024 00:57:45 +0000] [/gala_corp/wordpress/wp-content/cache/minify/c849f.css] [http://localhost/gala_corp/wordpress/contacto/] gala_corp\wordpress\/wp-content/plugins/elementor/assets/css/frontend-lite.min.css
gala_corp\wordpress\/wp-content/plugins/elementor/assets/lib/swiper/v8/css/swiper.min.css
gala_corp\wordpress\/wp-content/uploads/elementor/css/post-23.css
gala_corp\wordpress\/wp-content/uploads/elementor/css/global.css
gala_corp\wordpress\/wp-content/uploads/elementor/css/post-37.css
